This is e-pTeX, Version 3.14159265-p3.6-141210-2.6 (utf8.euc) (TeX Live 2015) (preloaded format=platex 2016.2.9)  18 JAN 2017 22:18
entering extended mode
 restricted \write18 enabled.
 file:line:error style messages enabled.
 %&-line parsing enabled.
**Conclusions.tex
(./Conclusions.tex
pLaTeX2e <2006/11/10> (based on LaTeX2e <2016/02/01> patch level 0)
Babel <3.9o> and hyphenation patterns for 80 language(s) loaded.
./Conclusions.tex:5: Undefined control sequence.
l.5 \chapter
            {Conclusions} % top level followed by section, subsection
? 
./Conclusions.tex:5: Emergency stop.
l.5 \chapter
            {Conclusions} % top level followed by section, subsection
End of file on the terminal!

 
Here is how much of TeX's memory you used:
 4 strings out of 493730
 58 string characters out of 6151153
 53695 words of memory out of 5000000
 3643 multiletter control sequences out of 15000+600000
 7511 words of font info for 31 fonts, out of 8000000 for 9000
 929 hyphenation exceptions out of 8191
 5i,0n,1p,87b,8s stack positions out of 5000i,4000n,10000p,200000b,80000s
No pages of output.
